INFO -- 2026-01-06 16:46:23,696 -- producer -- [Kafka] Доставлено в топик user_created [0]
INFO -- 2026-01-06 16:46:23,696 -- producer -- [Kafka] Сообщение в очереди: mikasa
INFO -- 2026-01-06 13:01:07,390 -- producer -- [Kafka] Доставлено в топик user_created [0]
INFO -- 2026-01-06 13:01:07,391 -- producer -- [Kafka] Сообщение в очереди: erwin
INFO -- 2026-01-06 13:08:46,102 -- producer -- [Kafka] Доставлено в топик user_created [0]
INFO -- 2026-01-06 13:08:46,103 -- producer -- [Kafka] Сообщение в очереди: Reiner
INFO -- 2026-01-08 11:52:19,313 -- producer -- [Kafka] Доставлено в топик user_created [0]
INFO -- 2026-01-08 11:52:19,314 -- producer -- [Kafka] Сообщение в очереди: eren
INFO -- 2026-01-08 11:53:43,301 -- producer -- [Kafka] Доставлено в топик user_created [0]
INFO -- 2026-01-08 11:53:43,301 -- producer -- [Kafka] Сообщение в очереди: amazing
INFO -- 2026-01-08 11:56:45,457 -- producer -- [Kafka] Доставлено в топик user_created [0]
INFO -- 2026-01-08 11:56:45,457 -- producer -- [Kafka] Сообщение в очереди: amazing_omg
INFO -- 2026-01-08 12:01:16,444 -- producer -- [Kafka] Доставлено в топик user_created [0]
INFO -- 2026-01-08 12:01:16,445 -- producer -- [Kafka] Сообщение в очереди: amazing_wtf
INFO -- 2026-01-08 12:11:06,724 -- producer -- [Kafka] Доставлено в топик user_created [0]
INFO -- 2026-01-08 12:11:06,725 -- producer -- [Kafka] Сообщение в очереди: amazing_wtf
INFO -- 2026-01-08 12:11:42,258 -- producer -- [Kafka] Доставлено в топик user_created [0]
INFO -- 2026-01-08 12:11:42,258 -- producer -- [Kafka] Сообщение в очереди: amazing_wt1
INFO -- 2026-01-08 12:15:18,892 -- producer -- [Kafka] Доставлено в топик user_created [0]
INFO -- 2026-01-08 12:15:18,892 -- producer -- [Kafka] Сообщение в очереди: amazing_test
INFO -- 2026-01-08 12:16:34,460 -- producer -- [Kafka] Доставлено в топик user_created [0]
INFO -- 2026-01-08 12:16:34,460 -- producer -- [Kafka] Сообщение в очереди: amazing_test1
INFO -- 2026-01-08 12:32:24,418 -- producer -- [Kafka] Доставлено в топик user_created [0]
INFO -- 2026-01-08 12:32:24,419 -- producer -- [Kafka] Сообщение в очереди: amazing_test12
INFO -- 2026-01-08 12:34:34,977 -- producer -- [Kafka] Доставлено в топик user_created [0]
INFO -- 2026-01-08 12:34:34,978 -- producer -- [Kafka] Сообщение в очереди: check_final_1
INFO -- 2026-01-08 12:37:16,133 -- producer -- [Kafka] Доставлено в топик user_created [0]
INFO -- 2026-01-08 12:37:16,134 -- producer -- [Kafka] Сообщение в очереди: check_2final_1
INFO -- 2026-01-08 12:39:22,386 -- producer -- [Kafka] Доставлено в топик user_created [0]
INFO -- 2026-01-08 12:39:22,387 -- producer -- [Kafka] Сообщение в очереди: check_2fi2nal_1
INFO -- 2026-01-08 12:40:42,864 -- producer -- [Kafka] Доставлено в топик user_created [0]
INFO -- 2026-01-08 12:40:42,864 -- producer -- [Kafka] Сообщение в очереди: check_2fi2nal_11
INFO -- 2026-01-08 12:42:56,290 -- producer -- [Kafka] Доставлено в топик user_created [0]
INFO -- 2026-01-08 12:42:56,290 -- producer -- [Kafka] Сообщение в очереди: check_2fi2nal_1121
INFO -- 2026-01-08 13:02:04,870 -- producer -- [Kafka] Доставлено в топик user_created [0]
INFO -- 2026-01-08 13:02:04,871 -- producer -- [Kafka] Сообщение в очереди: microservice_hero
INFO -- 2026-01-08 13:06:53,229 -- producer -- [Kafka] Доставлено в топик user_created [0]
INFO -- 2026-01-08 13:06:53,230 -- producer -- [Kafka] Сообщение в очереди: microservice_heroman
INFO -- 2026-01-09 13:31:34,564 -- producer -- [Kafka] Доставлено в топик user_created [0]
INFO -- 2026-01-09 13:31:34,564 -- producer -- [Kafka] Сообщение в очереди: testuser
INFO -- 2026-01-09 13:31:34,909 -- producer -- [Kafka] Доставлено в топик user_created [0]
INFO -- 2026-01-09 13:31:34,910 -- producer -- [Kafka] Сообщение в очереди: testuser
INFO -- 2026-01-10 13:23:33,204 -- producer -- [Kafka] Доставлено в топик user_created [0]
INFO -- 2026-01-10 13:23:33,211 -- producer -- [Kafka] Сообщение в очереди: testuser
INFO -- 2026-01-10 13:23:33,500 -- producer -- [Kafka] Доставлено в топик user_created [0]
INFO -- 2026-01-10 13:23:33,501 -- producer -- [Kafka] Сообщение в очереди: 2fa_user
INFO -- 2026-01-10 13:23:33,794 -- producer -- [Kafka] Доставлено в топик user_created [0]
INFO -- 2026-01-10 13:23:33,794 -- producer -- [Kafka] Сообщение в очереди: testuser
INFO -- 2026-01-10 13:23:33,931 -- producer -- [Kafka] Доставлено в топик user_created [0]
INFO -- 2026-01-10 13:23:33,931 -- producer -- [Kafka] Сообщение в очереди: otp_user
